time="2020-09-03T10:25:20+09:00" level=error msg="Error creating route for frontend frontend-PathPrefixStrip: Error parsing rule: Error parsing args from rule: 'PathPrefixStrip:'" 
time="2020-09-03T10:25:20+09:00" level=error msg="Skipping frontend frontend-PathPrefixStrip..." 
time="2020-09-03T10:25:57+09:00" level=error msg="Error creating route for frontend frontend-PathPrefixStrip: Error parsing rule: Error parsing args from rule: 'PathPrefixStrip:'" 
time="2020-09-03T10:25:57+09:00" level=error msg="Skipping frontend frontend-PathPrefixStrip..." 
time="2020-09-03T10:26:04+09:00" level=error msg="Error creating route for frontend frontend-PathPrefixStrip: Error parsing rule: Error parsing args from rule: 'PathPrefixStrip'" 
time="2020-09-03T10:26:04+09:00" level=error msg="Skipping frontend frontend-PathPrefixStrip..." 
time="2020-09-03T10:26:29+09:00" level=error msg="Error creating route for frontend frontend-PathPrefixStrip: Error parsing rule: Error parsing args from rule: 'PathPrefixStrip'" 
time="2020-09-03T10:26:29+09:00" level=error msg="Skipping frontend frontend-PathPrefixStrip..." 
2020/09/04 13:06:48 server.go:2317: http: multiple response.WriteHeader calls
Killed
time="2020-09-04T15:21:26+09:00" level=fatal msg="Error creating server: listen tcp :8080: bind: address already in use" 
2020/09/04 16:46:14 server.go:2317: http: multiple response.WriteHeader calls
./exec.sh: 1: ./exec.sh: traefik: not found
./exec.sh: 1: ./exec.sh: traefik: not found
./exec.sh: 1: ./exec.sh: traefik: not found
./exec.sh: 1: ./exec.sh: ./traefik: Permission denied
Killed
time="2020-09-06T22:03:37+09:00" level=error msg="Docker connection error unexpected EOF, retrying in 425.201934ms" 
time="2020-09-06T22:03:37+09:00" level=error msg="Failed to list containers for docker, error An error occurred trying to connect: Get http://%2Fvar%2Frun%2Fdocker.sock/v1.21/containers/json?limit=0: read unix @->/var/run/docker.sock: read: connection reset by peer" 
time="2020-09-06T22:03:37+09:00" level=error msg="Failed to list containers for docker, error Cannot connect to the Docker daemon. Is the docker daemon running on this host?" 
time="2020-09-06T22:03:37+09:00" level=error msg="Docker connection error Cannot connect to the Docker daemon. Is the docker daemon running on this host?, retrying in 903.349745ms" 
time="2020-09-06T22:03:38+09:00" level=error msg="Failed to list containers for docker, error Cannot connect to the Docker daemon. Is the docker daemon running on this host?" 
time="2020-09-06T22:03:38+09:00" level=error msg="Docker connection error Cannot connect to the Docker daemon. Is the docker daemon running on this host?, retrying in 1.248348929s" 
time="2020-09-06T22:03:39+09:00" level=error msg="Failed to list containers for docker, error Cannot connect to the Docker daemon. Is the docker daemon running on this host?" 
time="2020-09-06T22:03:39+09:00" level=error msg="Docker connection error Cannot connect to the Docker daemon. Is the docker daemon running on this host?, retrying in 2.472449586s" 
time="2020-09-06T22:03:42+09:00" level=error msg="Failed to list containers for docker, error Cannot connect to the Docker daemon. Is the docker daemon running on this host?" 
time="2020-09-06T22:03:42+09:00" level=error msg="Docker connection error Cannot connect to the Docker daemon. Is the docker daemon running on this host?, retrying in 2.366820953s" 
time="2020-09-06T22:03:44+09:00" level=error msg="Failed to list containers for docker, error Cannot connect to the Docker daemon. Is the docker daemon running on this host?" 
time="2020-09-06T22:03:44+09:00" level=error msg="Docker connection error Cannot connect to the Docker daemon. Is the docker daemon running on this host?, retrying in 3.162205972s" 
time="2020-09-06T22:13:11+09:00" level=error msg="Docker connection error unexpected EOF, retrying in 346.03166ms" 
time="2020-09-06T22:13:11+09:00" level=error msg="Failed to list containers for docker, error Cannot connect to the Docker daemon. Is the docker daemon running on this host?" 
time="2020-09-06T22:13:11+09:00" level=error msg="Docker connection error Cannot connect to the Docker daemon. Is the docker daemon running on this host?, retrying in 388.93558ms" 
time="2020-09-06T22:13:12+09:00" level=error msg="Failed to list containers for docker, error Cannot connect to the Docker daemon. Is the docker daemon running on this host?" 
time="2020-09-06T22:13:12+09:00" level=error msg="Docker connection error Cannot connect to the Docker daemon. Is the docker daemon running on this host?, retrying in 1.439964808s" 
time="2020-09-06T22:13:13+09:00" level=error msg="Failed to list containers for docker, error Cannot connect to the Docker daemon. Is the docker daemon running on this host?" 
time="2020-09-06T22:13:13+09:00" level=error msg="Docker connection error Cannot connect to the Docker daemon. Is the docker daemon running on this host?, retrying in 1.609969436s" 
time="2020-09-06T22:13:15+09:00" level=error msg="Failed to list containers for docker, error Cannot connect to the Docker daemon. Is the docker daemon running on this host?" 
time="2020-09-06T22:13:15+09:00" level=error msg="Docker connection error Cannot connect to the Docker daemon. Is the docker daemon running on this host?, retrying in 1.509565367s" 
time="2020-09-06T22:13:16+09:00" level=error msg="Failed to list containers for docker, error Cannot connect to the Docker daemon. Is the docker daemon running on this host?" 
time="2020-09-06T22:13:16+09:00" level=error msg="Docker connection error Cannot connect to the Docker daemon. Is the docker daemon running on this host?, retrying in 3.984124569s" 
time="2020-09-06T22:13:20+09:00" level=error msg="Failed to list containers for docker, error Cannot connect to the Docker daemon. Is the docker daemon running on this host?" 
time="2020-09-06T22:13:20+09:00" level=error msg="Docker connection error Cannot connect to the Docker daemon. Is the docker daemon running on this host?, retrying in 3.093361317s" 
2020/09/10 13:36:13 server.go:2317: http: multiple response.WriteHeader calls
2020/09/14 22:55:18 server.go:2317: http: multiple response.WriteHeader calls
2020/09/14 22:55:18 server.go:2317: http: multiple response.WriteHeader calls
2020/09/14 22:55:18 server.go:2317: http: multiple response.WriteHeader calls
2020/09/15 10:11:10 server.go:2317: http: multiple response.WriteHeader calls
2020/09/15 10:20:52 server.go:2317: http: multiple response.WriteHeader calls
2020/09/15 10:34:51 server.go:2317: http: multiple response.WriteHeader calls
2020/09/15 16:16:24 server.go:2317: http: multiple response.WriteHeader calls
2020/09/15 16:16:24 server.go:2317: http: multiple response.WriteHeader calls
2020/09/15 16:16:24 server.go:2317: http: multiple response.WriteHeader calls
2020/09/17 13:09:11 server.go:2317: http: multiple response.WriteHeader calls
2020/09/17 13:09:59 server.go:2317: http: multiple response.WriteHeader calls
2020/09/17 13:12:41 server.go:2317: http: multiple response.WriteHeader calls
2020/09/17 13:12:56 server.go:2317: http: multiple response.WriteHeader calls
time="2020-09-21T13:49:42+09:00" level=error msg="Failed to list containers for docker, error An error occurred trying to connect: context canceled" 
2020/09/27 09:37:44 server.go:2317: http: multiple response.WriteHeader calls
2020/09/27 09:37:44 server.go:2317: http: multiple response.WriteHeader calls
Killed
2020/10/13 11:04:16 server.go:2317: http: multiple response.WriteHeader calls
2020/10/13 14:46:17 server.go:2317: http: multiple response.WriteHeader calls
2020/10/16 13:44:15 server.go:2317: http: multiple response.WriteHeader calls
2020/10/16 13:44:18 server.go:2317: http: multiple response.WriteHeader calls
2020/11/02 02:00:17 server.go:2317: http: multiple response.WriteHeader calls
2020/11/09 22:40:30 server.go:2317: http: multiple response.WriteHeader calls
2020/11/09 22:40:30 server.go:2317: http: multiple response.WriteHeader calls
2020/11/09 22:40:30 server.go:2317: http: multiple response.WriteHeader calls
2020/11/09 23:12:59 server.go:2317: http: multiple response.WriteHeader calls
2020/11/09 23:12:59 server.go:2317: http: multiple response.WriteHeader calls
2020/11/09 23:12:59 server.go:2317: http: multiple response.WriteHeader calls
./exec.sh: 1: ./exec.sh: traefik: not found
./exec.sh: 1: ./exec.sh: traefik: not found
2020/11/15 13:02:59 server.go:2317: http: multiple response.WriteHeader calls
2020/11/15 13:05:33 server.go:2317: http: multiple response.WriteHeader calls
time="2020-11-15T21:54:12+09:00" level=error msg="Failed to list containers for docker, error Cannot connect to the Docker daemon. Is the docker daemon running on this host?" 
time="2020-11-15T21:54:12+09:00" level=error msg="Docker connection error Cannot connect to the Docker daemon. Is the docker daemon running on this host?, retrying in 414.331479ms" 
time="2020-11-15T21:54:13+09:00" level=error msg="Failed to list containers for docker, error Cannot connect to the Docker daemon. Is the docker daemon running on this host?" 
time="2020-11-15T21:54:13+09:00" level=error msg="Docker connection error Cannot connect to the Docker daemon. Is the docker daemon running on this host?, retrying in 1.092050001s" 
time="2020-11-15T21:54:14+09:00" level=error msg="Failed to list containers for docker, error Cannot connect to the Docker daemon. Is the docker daemon running on this host?" 
time="2020-11-15T21:54:14+09:00" level=error msg="Docker connection error Cannot connect to the Docker daemon. Is the docker daemon running on this host?, retrying in 1.080528263s" 
time="2020-11-15T21:54:15+09:00" level=error msg="Failed to list containers for docker, error Cannot connect to the Docker daemon. Is the docker daemon running on this host?" 
time="2020-11-15T21:54:15+09:00" level=error msg="Docker connection error Cannot connect to the Docker daemon. Is the docker daemon running on this host?, retrying in 1.612837085s" 
time="2020-11-15T21:54:16+09:00" level=error msg="Failed to list containers for docker, error Cannot connect to the Docker daemon. Is the docker daemon running on this host?" 
time="2020-11-15T21:54:16+09:00" level=error msg="Docker connection error Cannot connect to the Docker daemon. Is the docker daemon running on this host?, retrying in 2.076197233s" 
time="2020-11-15T21:54:18+09:00" level=error msg="Failed to list containers for docker, error Cannot connect to the Docker daemon. Is the docker daemon running on this host?" 
time="2020-11-15T21:54:18+09:00" level=error msg="Docker connection error Cannot connect to the Docker daemon. Is the docker daemon running on this host?, retrying in 5.226510533s" 
time="2020-11-15T21:54:24+09:00" level=error msg="Failed to list containers for docker, error Cannot connect to the Docker daemon. Is the docker daemon running on this host?" 
time="2020-11-15T21:54:24+09:00" level=error msg="Docker connection error Cannot connect to the Docker daemon. Is the docker daemon running on this host?, retrying in 4.170265626s" 
time="2020-11-15T21:54:28+09:00" level=error msg="Failed to list containers for docker, error Cannot connect to the Docker daemon. Is the docker daemon running on this host?" 
time="2020-11-15T21:54:28+09:00" level=error msg="Docker connection error Cannot connect to the Docker daemon. Is the docker daemon running on this host?, retrying in 8.909687959s" 
2020/11/16 18:49:04 server.go:2317: http: multiple response.WriteHeader calls
2020/11/16 18:49:04 server.go:2317: http: multiple response.WriteHeader calls
2020/11/16 18:49:04 server.go:2317: http: multiple response.WriteHeader calls
2020/11/16 18:55:31 server.go:2317: http: multiple response.WriteHeader calls
2020/11/16 18:55:31 server.go:2317: http: multiple response.WriteHeader calls
2020/11/16 18:55:31 server.go:2317: http: multiple response.WriteHeader calls
2020/11/16 22:08:45 server.go:2317: http: multiple response.WriteHeader calls
2020/11/16 22:08:47 server.go:2317: http: multiple response.WriteHeader calls
2020/11/16 22:09:00 server.go:2317: http: multiple response.WriteHeader calls
2020/11/16 22:31:22 server.go:2317: http: multiple response.WriteHeader calls
2020/11/16 23:49:03 server.go:2317: http: multiple response.WriteHeader calls
2020/11/17 00:00:09 server.go:2317: http: multiple response.WriteHeader calls
2020/11/17 00:00:09 server.go:2317: http: multiple response.WriteHeader calls
2020/11/17 00:00:09 server.go:2317: http: multiple response.WriteHeader calls
2020/11/17 00:01:22 server.go:2317: http: multiple response.WriteHeader calls
2020/11/17 00:01:22 server.go:2317: http: multiple response.WriteHeader calls
2020/11/17 00:01:22 server.go:2317: http: multiple response.WriteHeader calls
2020/11/29 14:46:40 server.go:2317: http: multiple response.WriteHeader calls
2020/11/29 14:46:40 server.go:2317: http: multiple response.WriteHeader calls
2020/11/29 14:46:40 server.go:2317: http: multiple response.WriteHeader calls
2020/12/01 10:15:58 server.go:2317: http: multiple response.WriteHeader calls
2020/12/01 10:30:38 server.go:2317: http: multiple response.WriteHeader calls
2020/12/01 10:30:38 server.go:2317: http: multiple response.WriteHeader calls
2020/12/01 10:30:38 server.go:2317: http: multiple response.WriteHeader calls
2020/12/02 02:39:48 server.go:2317: http: multiple response.WriteHeader calls
2020/12/02 02:39:48 server.go:2317: http: multiple response.WriteHeader calls
2020/12/02 02:39:48 server.go:2317: http: multiple response.WriteHeader calls
2020/12/02 14:36:22 server.go:2317: http: multiple response.WriteHeader calls
2020/12/02 14:36:22 server.go:2317: http: multiple response.WriteHeader calls
2020/12/02 14:36:22 server.go:2317: http: multiple response.WriteHeader calls
2020/12/07 11:55:38 server.go:2317: http: multiple response.WriteHeader calls
2020/12/08 15:24:06 server.go:2317: http: multiple response.WriteHeader calls
2020/12/08 19:26:54 server.go:2317: http: multiple response.WriteHeader calls
2020/12/08 19:26:54 server.go:2317: http: multiple response.WriteHeader calls
2020/12/16 01:41:50 server.go:2317: http: multiple response.WriteHeader calls
time="2020-12-30T20:55:53+09:00" level=error msg="Docker connection error unexpected EOF, retrying in 529.199759ms" 
time="2020-12-30T20:55:53+09:00" level=error msg="Failed to list containers for docker, error An error occurred trying to connect: Get http://%2Fvar%2Frun%2Fdocker.sock/v1.21/containers/json?limit=0: read unix @->/var/run/docker.sock: read: connection reset by peer" 
time="2020-12-30T20:55:53+09:00" level=error msg="Failed to list containers for docker, error An error occurred trying to connect: Get http://%2Fvar%2Frun%2Fdocker.sock/v1.21/containers/json?limit=0: read unix @->/var/run/docker.sock: read: connection reset by peer" 
2020/12/30 21:03:41 server.go:2317: http: multiple response.WriteHeader calls
2021/01/10 12:44:40 server.go:2317: http: multiple response.WriteHeader calls
2021/01/15 23:43:35 server.go:2317: http: multiple response.WriteHeader calls
2021/01/15 23:43:35 server.go:2317: http: multiple response.WriteHeader calls
2021/01/15 23:43:35 server.go:2317: http: multiple response.WriteHeader calls
2021/01/18 21:27:01 server.go:2317: http: multiple response.WriteHeader calls
2021/01/18 21:27:01 server.go:2317: http: multiple response.WriteHeader calls
2021/01/18 21:27:01 server.go:2317: http: multiple response.WriteHeader calls
2021/01/18 22:11:34 server.go:2317: http: multiple response.WriteHeader calls
2021/01/18 22:11:34 server.go:2317: http: multiple response.WriteHeader calls
2021/01/18 22:11:34 server.go:2317: http: multiple response.WriteHeader calls
2021/01/18 22:13:05 server.go:2317: http: multiple response.WriteHeader calls
2021/01/18 22:13:05 server.go:2317: http: multiple response.WriteHeader calls
2021/01/18 22:13:05 server.go:2317: http: multiple response.WriteHeader calls
2021/01/18 22:26:58 server.go:2317: http: multiple response.WriteHeader calls
2021/01/18 22:29:01 server.go:2317: http: multiple response.WriteHeader calls
2021/01/18 22:37:25 server.go:2317: http: multiple response.WriteHeader calls
2021/01/18 22:37:25 server.go:2317: http: multiple response.WriteHeader calls
2021/01/18 22:37:25 server.go:2317: http: multiple response.WriteHeader calls
2021/01/18 23:11:59 server.go:2317: http: multiple response.WriteHeader calls
2021/01/18 23:40:47 server.go:2317: http: multiple response.WriteHeader calls
2021/01/19 02:46:11 server.go:2317: http: multiple response.WriteHeader calls
2021/01/19 02:46:11 server.go:2317: http: multiple response.WriteHeader calls
2021/01/19 02:46:11 server.go:2317: http: multiple response.WriteHeader calls
2021/01/19 03:12:02 server.go:2317: http: multiple response.WriteHeader calls
2021/01/19 03:14:37 server.go:2317: http: multiple response.WriteHeader calls
2021/01/19 03:27:25 server.go:2317: http: multiple response.WriteHeader calls
2021/01/19 03:43:26 server.go:2317: http: multiple response.WriteHeader calls
2021/03/05 17:24:16 server.go:2317: http: multiple response.WriteHeader calls
2021/03/05 17:24:18 server.go:2317: http: multiple response.WriteHeader calls
2021/03/05 17:24:47 server.go:2317: http: multiple response.WriteHeader calls
2021/03/05 17:27:23 server.go:2317: http: multiple response.WriteHeader calls
2021/03/05 17:27:23 server.go:2317: http: multiple response.WriteHeader calls
2021/03/05 17:27:23 server.go:2317: http: multiple response.WriteHeader calls
2021/03/05 17:27:28 server.go:2317: http: multiple response.WriteHeader calls
2021/03/08 11:41:47 server.go:2317: http: multiple response.WriteHeader calls
2021/03/08 11:41:47 server.go:2317: http: multiple response.WriteHeader calls
2021/03/08 11:48:03 server.go:2317: http: multiple response.WriteHeader calls
2021/03/08 17:18:30 server.go:2317: http: multiple response.WriteHeader calls
2021/03/08 17:19:14 server.go:2317: http: multiple response.WriteHeader calls
2021/03/08 17:22:47 server.go:2317: http: multiple response.WriteHeader calls
2021/03/08 17:22:47 server.go:2317: http: multiple response.WriteHeader calls
2021/03/08 17:22:47 server.go:2317: http: multiple response.WriteHeader calls
2021/03/08 17:24:03 server.go:2317: http: multiple response.WriteHeader calls
2021/03/08 17:25:44 server.go:2317: http: multiple response.WriteHeader calls
2021/03/08 17:25:44 server.go:2317: http: multiple response.WriteHeader calls
2021/03/08 17:25:44 server.go:2317: http: multiple response.WriteHeader calls
2021/03/08 17:26:50 server.go:2317: http: multiple response.WriteHeader calls
2021/03/08 17:36:22 server.go:2317: http: multiple response.WriteHeader calls
2021/03/08 17:36:22 server.go:2317: http: multiple response.WriteHeader calls
2021/03/08 17:53:00 server.go:2317: http: multiple response.WriteHeader calls
2021/03/08 17:57:14 server.go:2317: http: multiple response.WriteHeader calls
2021/03/10 15:46:10 server.go:2317: http: multiple response.WriteHeader calls
2021/03/10 15:46:10 server.go:2317: http: multiple response.WriteHeader calls
2021/03/10 15:46:10 server.go:2317: http: multiple response.WriteHeader calls
2021/03/10 15:47:01 server.go:2317: http: multiple response.WriteHeader calls
2021/03/10 15:47:01 server.go:2317: http: multiple response.WriteHeader calls
2021/03/10 15:47:01 server.go:2317: http: multiple response.WriteHeader calls
time="2021-08-17T21:44:23+09:00" level=fatal msg="Error creating server: listen tcp :5111: bind: address already in use" 
time="2021-08-17T22:38:39+09:00" level=fatal msg="Error creating server: listen tcp :5111: bind: address already in use" 
time="2021-08-17T23:24:26+09:00" level=fatal msg="Error creating server: listen tcp :5111: bind: address already in use" 
time="2021-08-17T23:56:35+09:00" level=fatal msg="Error creating server: listen tcp :5111: bind: address already in use" 
